<?xml version="1.0" encoding="UTF-8"?>
<!-- Generated by org.testng.reporters.JUnitXMLReporter -->
<testsuite hostname="sshrivat-lap1" ignored="0" name="LoginAndValidateCourse" tests="4" failures="0" timestamp="14 Oct 2018 08:40:39 GMT" time="64.239" errors="0">
  <testcase name="verifyTitleOfHomepage" time="0.123" classname="com.edureka.tests.LoginAndValidateCourse"/>
  <testcase name="verifyUserLogin" time="13.961" classname="com.edureka.tests.LoginAndValidateCourse"/>
  <testcase name="verifyEnrolledCourses" time="18.556" classname="com.edureka.tests.LoginAndValidateCourse"/>
  <testcase name="userLogout" time="12.218" classname="com.edureka.tests.LoginAndValidateCourse"/>
</testsuite> <!-- LoginAndValidateCourse -->
