<?xml version="1.0" encoding="UTF-8"?>
<!-- Generated by org.testng.reporters.JUnitXMLReporter -->
<testsuite hostname="sshrivat-lap1" ignored="0" name="Default test" tests="4" failures="0" timestamp="15 Oct 2018 07:58:59 GMT" time="67.118" errors="0">
  <testcase name="verifyTitleOfHomepage" time="0.24" classname="com.edureka.tests.SearchandAddCourse"/>
  <testcase name="verifyUserLogin" time="13.924" classname="com.edureka.tests.SearchandAddCourse"/>
  <testcase name="searchAndAddCourse" time="24.625" classname="com.edureka.tests.SearchandAddCourse"/>
  <testcase name="userLogout" time="11.607" classname="com.edureka.tests.SearchandAddCourse"/>
</testsuite> <!-- Default test -->
