<?xml version="1.0" encoding="UTF-8"?>
<!-- Generated by org.testng.reporters.JUnitXMLReporter -->
<testsuite hostname="sshrivat-lap1" ignored="0" name="EditProfessionalDetails" tests="4" failures="0" timestamp="15 Oct 2018 10:16:17 GMT" time="86.223" errors="0">
  <testcase name="verifyTitleOfHomepage" time="0.111" classname="com.edureka.tests.EditProfile"/>
  <testcase name="verifyUserLogin" time="13.82" classname="com.edureka.tests.EditProfile"/>
  <testcase name="editUserProfile" time="44.45" classname="com.edureka.tests.EditProfile"/>
  <testcase name="userLogout" time="11.393" classname="com.edureka.tests.EditProfile"/>
</testsuite> <!-- EditProfessionalDetails -->
