<?xml version="1.0" encoding="UTF-8"?>
<!-- Generated by org.testng.reporters.JUnitXMLReporter -->
<testsuite hostname="sshrivat-lap1" ignored="0" name="Default test" tests="3" failures="0" timestamp="09 Oct 2018 09:08:04 GMT" time="87.635" errors="0">
  <testcase name="verifyUserLogin" time="20.269" classname="com.edureka.tests.EdurekaCourseSearchTest"/>
  <testcase name="searchCouseInEdureka" time="10.77" classname="com.edureka.tests.EdurekaCourseSearchTest"/>
  <testcase name="selectCourseAddToAndPayment" time="39.688" classname="com.edureka.tests.EdurekaCourseSearchTest"/>
</testsuite> <!-- Default test -->
